<?xml version="1.0" encoding="UTF-8"?>
<!-- Generated by org.testng.reporters.JUnitReportReporter -->
<testsuite hostname="LAPTOP-KE71QJ0A" failures="0" tests="2" name="check.test" time="7.095" errors="0" timestamp="2021-08-18T22:11:05 IST" skipped="0">
  <testcase classname="check.test" name="start" time="7.080"/>
  <system-out/>
  <testcase classname="check.test" name="title" time="0.015"/>
  <system-out/>
</testsuite> <!-- check.test -->
